timestamp_utc=2026-02-08T11:24:32Z
runs=5
benchtime=1s
timeout=30m
phase=run index=1
command=go test -run '^$' -benchmem -benchtime=1s -count=1 -timeout=30m -bench 'Benchmark(QSMoEForward|QSMoEForwardLarge|ParallelForward_medium_b32|WorkspaceForward_medium_b32)$' ./foundation_models
goos: linux
goarch: amd64
pkg: github.com/phenomenon0/Agent-GO/foundation_models
cpu: AMD Ryzen 7 7700X 8-Core Processor             
BenchmarkParallelForward_medium_b32/Serial-16         	       3	 338072590 ns/op	         1.588 GFLOPS	        94.65 tok/s	   12629 B/op	     147 allocs/op
BenchmarkParallelForward_medium_b32/Parallel-16       	      19	  61646457 ns/op	         8.709 GFLOPS	       519.1 tok/s	        16.00 workers	  147767 B/op	     180 allocs/op
BenchmarkParallelForward_medium_b32/ParallelZeroCopy-16         	      19	  61469001 ns/op	         8.734 GFLOPS	       520.6 tok/s	        16.00 workers	   14658 B/op	     169 allocs/op
BenchmarkQSMoEForward-16                                        	     124	   9290404 ns/op	  752849 B/op	    1415 allocs/op
BenchmarkQSMoEForwardLarge-16                                   	       7	 153552356 ns/op	 5629200 B/op	    4871 allocs/op
BenchmarkWorkspaceForward_medium_b32-16                         	       4	 287744698 ns/op	         1.866 GFLOPS	   12944 B/op	     145 allocs/op
PASS
ok  	github.com/phenomenon0/Agent-GO/foundation_models	12.658s
run_status=PASS index=1
phase=run index=2
command=go test -run '^$' -benchmem -benchtime=1s -count=1 -timeout=30m -bench 'Benchmark(QSMoEForward|QSMoEForwardLarge|ParallelForward_medium_b32|WorkspaceForward_medium_b32)$' ./foundation_models
goos: linux
goarch: amd64
pkg: github.com/phenomenon0/Agent-GO/foundation_models
cpu: AMD Ryzen 7 7700X 8-Core Processor             
BenchmarkParallelForward_medium_b32/Serial-16         	       4	 315460119 ns/op	         1.702 GFLOPS	       101.4 tok/s	   13672 B/op	     149 allocs/op
BenchmarkParallelForward_medium_b32/Parallel-16       	      19	  61084156 ns/op	         8.789 GFLOPS	       523.9 tok/s	        16.00 workers	  146973 B/op	     178 allocs/op
BenchmarkParallelForward_medium_b32/ParallelZeroCopy-16         	      19	  66736063 ns/op	         8.045 GFLOPS	       479.5 tok/s	        16.00 workers	   14518 B/op	     169 allocs/op
BenchmarkQSMoEForward-16                                        	     100	  10020368 ns/op	  752850 B/op	    1415 allocs/op
BenchmarkQSMoEForwardLarge-16                                   	       7	 154196483 ns/op	 5629200 B/op	    4871 allocs/op
BenchmarkWorkspaceForward_medium_b32-16                         	       4	 278533056 ns/op	         1.927 GFLOPS	   13168 B/op	     145 allocs/op
PASS
ok  	github.com/phenomenon0/Agent-GO/foundation_models	12.742s
run_status=PASS index=2
phase=run index=3
command=go test -run '^$' -benchmem -benchtime=1s -count=1 -timeout=30m -bench 'Benchmark(QSMoEForward|QSMoEForwardLarge|ParallelForward_medium_b32|WorkspaceForward_medium_b32)$' ./foundation_models
goos: linux
goarch: amd64
pkg: github.com/phenomenon0/Agent-GO/foundation_models
cpu: AMD Ryzen 7 7700X 8-Core Processor             
BenchmarkParallelForward_medium_b32/Serial-16         	       4	 328121378 ns/op	         1.636 GFLOPS	        97.52 tok/s	   13872 B/op	     149 allocs/op
BenchmarkParallelForward_medium_b32/Parallel-16       	      19	  59740083 ns/op	         8.987 GFLOPS	       535.7 tok/s	        16.00 workers	  146738 B/op	     178 allocs/op
BenchmarkParallelForward_medium_b32/ParallelZeroCopy-16         	      19	  59790785 ns/op	         8.979 GFLOPS	       535.2 tok/s	        16.00 workers	   14084 B/op	     167 allocs/op
BenchmarkQSMoEForward-16                                        	     124	   9558879 ns/op	  752850 B/op	    1415 allocs/op
BenchmarkQSMoEForwardLarge-16                                   	       7	 158318275 ns/op	 5629200 B/op	    4871 allocs/op
BenchmarkWorkspaceForward_medium_b32-16                         	       4	 281350734 ns/op	         1.908 GFLOPS	   13840 B/op	     147 allocs/op
PASS
ok  	github.com/phenomenon0/Agent-GO/foundation_models	13.914s
run_status=PASS index=3
phase=run index=4
command=go test -run '^$' -benchmem -benchtime=1s -count=1 -timeout=30m -bench 'Benchmark(QSMoEForward|QSMoEForwardLarge|ParallelForward_medium_b32|WorkspaceForward_medium_b32)$' ./foundation_models
goos: linux
goarch: amd64
pkg: github.com/phenomenon0/Agent-GO/foundation_models
cpu: AMD Ryzen 7 7700X 8-Core Processor             
BenchmarkParallelForward_medium_b32/Serial-16         	       4	 323166905 ns/op	         1.661 GFLOPS	        99.02 tok/s	   14904 B/op	     151 allocs/op
BenchmarkParallelForward_medium_b32/Parallel-16       	      19	  61680950 ns/op	         8.704 GFLOPS	       518.8 tok/s	        16.00 workers	  147416 B/op	     179 allocs/op
BenchmarkParallelForward_medium_b32/ParallelZeroCopy-16         	      19	  64362785 ns/op	         8.341 GFLOPS	       497.2 tok/s	        16.00 workers	   15097 B/op	     170 allocs/op
BenchmarkQSMoEForward-16                                        	     124	   9264793 ns/op	  752849 B/op	    1415 allocs/op
BenchmarkQSMoEForwardLarge-16                                   	       7	 155342614 ns/op	 5629200 B/op	    4871 allocs/op
BenchmarkWorkspaceForward_medium_b32-16                         	       4	 288172908 ns/op	         1.863 GFLOPS	   11512 B/op	     142 allocs/op
PASS
ok  	github.com/phenomenon0/Agent-GO/foundation_models	13.993s
run_status=PASS index=4
phase=run index=5
command=go test -run '^$' -benchmem -benchtime=1s -count=1 -timeout=30m -bench 'Benchmark(QSMoEForward|QSMoEForwardLarge|ParallelForward_medium_b32|WorkspaceForward_medium_b32)$' ./foundation_models
goos: linux
goarch: amd64
pkg: github.com/phenomenon0/Agent-GO/foundation_models
cpu: AMD Ryzen 7 7700X 8-Core Processor             
BenchmarkParallelForward_medium_b32/Serial-16         	       4	 315219879 ns/op	         1.703 GFLOPS	       101.5 tok/s	   14680 B/op	     151 allocs/op
BenchmarkParallelForward_medium_b32/Parallel-16       	      19	  61551653 ns/op	         8.722 GFLOPS	       519.9 tok/s	        16.00 workers	  147888 B/op	     181 allocs/op
BenchmarkParallelForward_medium_b32/ParallelZeroCopy-16         	      19	  62466108 ns/op	         8.595 GFLOPS	       512.3 tok/s	        16.00 workers	   14473 B/op	     168 allocs/op
BenchmarkQSMoEForward-16                                        	     120	   9542957 ns/op	  752851 B/op	    1415 allocs/op
BenchmarkQSMoEForwardLarge-16                                   	       7	 153880332 ns/op	 5629200 B/op	    4871 allocs/op
BenchmarkWorkspaceForward_medium_b32-16                         	       4	 289820855 ns/op	         1.852 GFLOPS	   11512 B/op	     142 allocs/op
PASS
ok  	github.com/phenomenon0/Agent-GO/foundation_models	13.838s
run_status=PASS index=5
coverage BenchmarkParallelForward_medium_b32/Serial=5/5
coverage BenchmarkParallelForward_medium_b32/Parallel=5/5
coverage BenchmarkParallelForward_medium_b32/ParallelZeroCopy=5/5
coverage BenchmarkQSMoEForward=5/5
coverage BenchmarkQSMoEForwardLarge=5/5
coverage BenchmarkWorkspaceForward_medium_b32=5/5
PERF_MULTI_RUN_STATUS=PASS
